
 Ansys Mechanical Enterprise Academic Student      


 *------------------------------------------------------------------*
 |                                                                  |
 |   W E L C O M E   T O   T H E   A N S Y S (R)  P R O G R A M     |
 |                                                                  |
 *------------------------------------------------------------------*




 ***************************************************************
 *            ANSYS 2022 R1          LEGAL NOTICES             *
 ***************************************************************
 *                                                             *
 * Copyright 1971-2022 ANSYS, Inc.  All rights reserved.       *
 * Unauthorized use, distribution or duplication is            *
 * prohibited.                                                 *
 *                                                             *
 * Ansys is a registered trademark of ANSYS, Inc. or its       *
 * subsidiaries in the United States or other countries.       *
 * See the ANSYS, Inc. online documentation or the ANSYS, Inc. *
 * documentation CD or online help for the complete Legal      *
 * Notice.                                                     *
 *                                                             *
 ***************************************************************
 *                                                             *
 * THIS ANSYS SOFTWARE PRODUCT AND PROGRAM DOCUMENTATION       *
 * INCLUDE TRADE SECRETS AND CONFIDENTIAL AND PROPRIETARY      *
 * PRODUCTS OF ANSYS, INC., ITS SUBSIDIARIES, OR LICENSORS.    *
 * The software products and documentation are furnished by    *
 * ANSYS, Inc. or its subsidiaries under a software license    *
 * agreement that contains provisions concerning               *
 * non-disclosure, copying, length and nature of use,          *
 * compliance with exporting laws, warranties, disclaimers,    *
 * limitations of liability, and remedies, and other           *
 * provisions.  The software products and documentation may be *
 * used, disclosed, transferred, or copied only in accordance  *
 * with the terms and conditions of that software license      *
 * agreement.                                                  *
 *                                                             *
 * ANSYS, Inc. is a UL registered                              *
 * ISO 9001:2015 company.                                      *
 *                                                             *
 ***************************************************************
 *                                                             *
 * This product is subject to U.S. laws governing export and   *
 * re-export.                                                  *
 *                                                             *
 * For U.S. Government users, except as specifically granted   *
 * by the ANSYS, Inc. software license agreement, the use,     *
 * duplication, or disclosure by the United States Government  *
 * is subject to restrictions stated in the ANSYS, Inc.        *
 * software license agreement and FAR 12.212 (for non-DOD      *
 * licenses).                                                  *
 *                                                             *
 ***************************************************************

 2022 R1 
     
 Point Releases and Patches installed:   
     
 Ansys, Inc. Products 2022 R1
 Autodyn 2022 R1 
 SpaceClaim 2022 R1  
 CFX (includes CFD-Post) 2022 R1 
 Chemkin 2022 R1 
 EnSight 2022 R1 
 FENSAP-ICE 2022 R1  
 Fluent (includes CFD-Post) 2022 R1  
 Polyflow (includes CFD-Post) 2022 R1
 Forte (includes EnSight) 2022 R1
 TurboGrid 2022 R1   
 Aqwa 2022 R1
 Mechanical Products 2022 R1 
 ACIS Geometry Interface 2022 R1 
 AutoCAD Geometry Interface 2022 R1  
 Catia, Version 4 Geometry Interface 2022 R1 
 Catia, Version 5 Geometry Interface 2022 R1 
 Catia, Version 6 Geometry Interface 2022 R1 
 Creo Elements/Direct Modeling Geometry Interface 2022 R1
 Creo Parametric Geometry Interface 2022 R1  
 Inventor Geometry Interface 2022 R1 
 JTOpen Geometry Interface 2022 R1   
 NX Geometry Interface 2022 R1   
 Parasolid Geometry Interface  2022 R1   
 Solid Edge Geometry Interface 2022 R1   
 SOLIDWORKS Geometry Interface 2022 R1   
 Academic Student 2022 R1


          *****  ANSYS COMMAND LINE ARGUMENTS  *****
  BATCH MODE REQUESTED (-b)    = NOLIST
  INPUT FILE COPY MODE (-c)    = COPY
  DISTRIBUTED MEMORY PARALLEL REQUESTED
       2 PARALLEL PROCESSES REQUESTED WITH SINGLE THREAD PER PROCESS
    TOTAL OF     2 CORES REQUESTED
  INPUT FILE NAME              = C:\Users\Nate\Documents\Ansys\Project2\_ProjectScratch\Scr1514\dummy.dat
  OUTPUT FILE NAME             = C:\Users\Nate\Documents\Ansys\Project2\_ProjectScratch\Scr1514\solve.out
  START-UP FILE MODE           = NOREAD
  STOP FILE MODE               = NOREAD

 RELEASE= 2022 R1              BUILD= 22.1      UP20211129   VERSION=WINDOWS x64 
 CURRENT JOBNAME=file0  22:56:34  DEC 09, 2022 CP=      0.078


 PARAMETER _DS_PROGRESS =     999.0000000    

 /INPUT FILE= ds.dat  LINE=       0



 *** NOTE ***                            CP =       0.156   TIME= 22:56:34
 The /CONFIG,NOELDB command is not valid in a Distributed ANSYS          
 solution.  Command is ignored.                                          

 *GET  _WALLSTRT  FROM  ACTI  ITEM=TIME WALL  VALUE=  22.9427778    

 TITLE= 
 Project2--Static Structural (B5)                                              

  ACT Extensions:
      LSDYNA, 2021.1
      5f463412-bd3e-484b-87e7-cbc0a665e474, wbex
  

 SET PARAMETER DIMENSIONS ON  _WB_PROJECTSCRATCH_DIR
  TYPE=STRI  DIMENSIONS=      248        1        1

 PARAMETER _WB_PROJECTSCRATCH_DIR(1) = C:\Users\Nate\Documents\Ansys\Project2\_ProjectScratch\Scr1514\

 SET PARAMETER DIMENSIONS ON  _WB_SOLVERFILES_DIR
  TYPE=STRI  DIMENSIONS=      248        1        1

 PARAMETER _WB_SOLVERFILES_DIR(1) = C:\Users\Nate\Documents\Ansys\Project2\Project2_files\dp23\SYS\MECH\

 SET PARAMETER DIMENSIONS ON  _WB_USERFILES_DIR
  TYPE=STRI  DIMENSIONS=      248        1        1

 PARAMETER _WB_USERFILES_DIR(1) = C:\Users\Nate\Documents\Ansys\Project2\Project2_files\user_files\
 --- Data in consistent MKS units. See Solving Units in the help system for more

 MKS UNITS SPECIFIED FOR INTERNAL    
  LENGTH        (l)  = METER (M)
  MASS          (M)  = KILOGRAM (KG)
  TIME          (t)  = SECOND (SEC)
  TEMPERATURE   (T)  = CELSIUS (C)
  TOFFSET            = 273.0
  CHARGE        (Q)  = COULOMB
  FORCE         (f)  = NEWTON (N) (KG-M/SEC2)
  HEAT               = JOULE (N-M)

  PRESSURE           = PASCAL (NEWTON/M**2)
  ENERGY        (W)  = JOULE (N-M)
  POWER         (P)  = WATT (N-M/SEC)
  CURRENT       (i)  = AMPERE (COULOMBS/SEC)
  CAPACITANCE   (C)  = FARAD
  INDUCTANCE    (L)  = HENRY
  MAGNETIC FLUX      = WEBER
  RESISTANCE    (R)  = OHM
  ELECTRIC POTENTIAL = VOLT

 INPUT  UNITS ARE ALSO SET TO MKS 

 *** ANSYS - ENGINEERING ANALYSIS SYSTEM  RELEASE 2022 R1          22.1     ***
 DISTRIBUTED Ansys Mechanical Enterprise Academic Student      

 00000000  VERSION=WINDOWS x64   22:56:34  DEC 09, 2022 CP=      0.156

 Project2--Static Structural (B5)                                              



          ***** ANSYS ANALYSIS DEFINITION (PREP7) *****
 *********** Nodes for the whole assembly ***********
 *********** Nodes for all Remote Points ***********
 *********** Elements for Body 1 "Solid" ***********
 *********** Elements for Body 2 "Solid" ***********
 *********** Elements for Body 3 "Solid" ***********
 *********** Send User Defined Coordinate System(s) ***********
 *********** Set Reference Temperature ***********
 *********** Send Materials ***********
 *********** Create Contact "Frictional - Solid To Solid" ***********
             Real Constant Set For Above Contact Is 5 & 4
 *********** Create Contact "Frictional - Solid To Solid" ***********
             Real Constant Set For Above Contact Is 7 & 6
 *********** Create Contact "Contact Region" ***********
             Real Constant Set For Above Contact Is 9 & 8
 *********** Create Contact "Contact Region 2" ***********
             Real Constant Set For Above Contact Is 11 & 10
 *********** Create Displacement Components For Use In Future MSUP or Multistage
 ******* Constant Zero Displacement X *******
 ******* Constant Zero Displacement Z *******
 *********** Create Remote Point "Internal Remote Point 4" ***********
 *********** Create Remote Point "Internal Remote Point 2" ***********
 *********** Create Remote Point "Internal Remote Point 3" ***********
 *********** Create Joint "Revolute - Ground To Solid" ***********
             Real Constant Set For Above Joint Is 18
 *********** Create Joint "Joint" ***********
             Real Constant Set For Above Joint Is 19
 *********** Define Pressure Using Surface Effect Elements "Pressure" **********
 *********** Define Pressure Using Surface Effect Elements "Pressure 2" ********
 *********** Define Rotational Velocity ***********


 ***** ROUTINE COMPLETED *****  CP =         0.453


 --- Number of total nodes = 13194
 --- Number of contact elements = 8533
 --- Number of spring elements = 0
 --- Number of bearing elements = 0
 --- Number of solid elements = 6581
 --- Number of condensed parts = 0
 --- Number of total elements = 15119

 *GET  _WALLBSOL  FROM  ACTI  ITEM=TIME WALL  VALUE=  22.9427778    
 ****************************************************************************
 *************************    SOLUTION       ********************************
 ****************************************************************************

 *****  ANSYS SOLUTION ROUTINE  *****


 PERFORM A STATIC ANALYSIS
  THIS WILL BE A NEW ANALYSIS

 LARGE DEFORMATION ANALYSIS

 PARAMETER _THICKRATIO =    0.5000000000    

 USE SPARSE MATRIX DIRECT SOLVER

 CONTACT INFORMATION PRINTOUT LEVEL       1

 NLDIAG: Nonlinear diagnostics CONT option is set to ON. 
         Writing frequency : each ITERATION.

 DEFINE RESTART CONTROL FOR LOADSTEP LAST
 AT FREQUENCY OF LAST AND NUMBER FOR OVERWRITE IS   -1
 ****************************************************
 ******************* SOLVE FOR LS 1 OF 1 ****************

 SELECT       FOR ITEM=TYPE COMPONENT=    
  IN RANGE        20 TO         20 STEP          1

         35  ELEMENTS (OF      15119  DEFINED) SELECTED BY  ESEL  COMMAND.

 SELECT      ALL NODES HAVING ANY ELEMENT IN ELEMENT SET.

         98 NODES (OF      13194  DEFINED) SELECTED FROM
       35 SELECTED ELEMENTS BY NSLE COMMAND.

 GENERATE SURFACE LOAD PRES ON SURFACE DEFINED BY ALL SELECTED NODES
 VALUES=  10495000.0      0.00000000    

 NUMBER OF PRES ELEMENT FACE LOADS STORED =         35

 SELECT       FOR ITEM=TYPE COMPONENT=    
  IN RANGE        21 TO         21 STEP          1

         35  ELEMENTS (OF      15119  DEFINED) SELECTED BY  ESEL  COMMAND.

 SELECT      ALL NODES HAVING ANY ELEMENT IN ELEMENT SET.

         98 NODES (OF      13194  DEFINED) SELECTED FROM
       35 SELECTED ELEMENTS BY NSLE COMMAND.

 GENERATE SURFACE LOAD PRES ON SURFACE DEFINED BY ALL SELECTED NODES
 VALUES=  10495000.0      0.00000000    

 NUMBER OF PRES ELEMENT FACE LOADS STORED =         35

 ALL SELECT   FOR ITEM=NODE COMPONENT=    
  IN RANGE         1 TO      13194 STEP          1

      13194  NODES (OF      13194  DEFINED) SELECTED BY NSEL  COMMAND.

 ALL SELECT   FOR ITEM=ELEM COMPONENT=    
  IN RANGE         1 TO      19141 STEP          1

      15119  ELEMENTS (OF      15119  DEFINED) SELECTED BY  ESEL  COMMAND.

 CMOMEGA on component= cm_rotvelcity48                 
  OMEGAX, OMEGAY, OMEGAZ=   0.0000      250.00      0.0000    
  X1, Y1, Z1=   0.0000      0.0000      0.0000    

 ALL SELECT   FOR ITEM=ELEM COMPONENT=    
  IN RANGE         1 TO      19141 STEP          1

      15119  ELEMENTS (OF      15119  DEFINED) SELECTED BY  ESEL  COMMAND.

 PRINTOUT RESUMED BY /GOP

 USE AUTOMATIC TIME STEPPING THIS LOAD STEP

 USE       5 SUBSTEPS INITIALLY THIS LOAD STEP FOR ALL  DEGREES OF FREEDOM
 FOR AUTOMATIC TIME STEPPING:
   USE     20 SUBSTEPS AS A MAXIMUM
   USE      1 SUBSTEPS AS A MINIMUM

 TIME=  1.0000    

 ERASE THE CURRENT DATABASE OUTPUT CONTROL TABLE.


 WRITE ALL  ITEMS TO THE DATABASE WITH A FREQUENCY OF NONE
   FOR ALL APPLICABLE ENTITIES

 WRITE NSOL ITEMS TO THE DATABASE WITH A FREQUENCY OF ALL 
   FOR ALL APPLICABLE ENTITIES

 WRITE RSOL ITEMS TO THE DATABASE WITH A FREQUENCY OF ALL 
   FOR ALL APPLICABLE ENTITIES

 WRITE EANG ITEMS TO THE DATABASE WITH A FREQUENCY OF ALL 
   FOR ALL APPLICABLE ENTITIES

 WRITE ETMP ITEMS TO THE DATABASE WITH A FREQUENCY OF ALL 
   FOR ALL APPLICABLE ENTITIES

 WRITE VENG ITEMS TO THE DATABASE WITH A FREQUENCY OF ALL 
   FOR ALL APPLICABLE ENTITIES

 WRITE STRS ITEMS TO THE DATABASE WITH A FREQUENCY OF ALL 
   FOR ALL APPLICABLE ENTITIES

 WRITE EPEL ITEMS TO THE DATABASE WITH A FREQUENCY OF ALL 
   FOR ALL APPLICABLE ENTITIES

 WRITE EPPL ITEMS TO THE DATABASE WITH A FREQUENCY OF ALL 
   FOR ALL APPLICABLE ENTITIES

 WRITE CONT ITEMS TO THE DATABASE WITH A FREQUENCY OF ALL 
   FOR ALL APPLICABLE ENTITIES

 PRINTOUT RESUMED BY /GOP

 WRITE MISC ITEMS TO THE DATABASE WITH A FREQUENCY OF ALL 
   FOR THE ENTITIES DEFINED BY COMPONENT _ELMISC 

 *GET  ANSINTER_  FROM  ACTI  ITEM=INT        VALUE=  0.00000000    

 *IF  ANSINTER_                         ( =   0.00000     )  NE  
      0                                 ( =   0.00000     )  THEN    

 *ENDIF

 *** NOTE ***                            CP =       0.516   TIME= 22:56:34
 The automatic domain decomposition logic has selected the MESH domain   
 decomposition method with 2 processes per solution.                     

 *****  ANSYS SOLVE    COMMAND  *****

 *** WARNING ***                         CP =       0.516   TIME= 22:56:34
 Element shape checking is currently inactive.  Issue SHPP,ON or         
 SHPP,WARN to reactivate, if desired.                                    

 *** NOTE ***                            CP =       0.547   TIME= 22:56:34
 The model data was checked and warning messages were found.             
  Please review output or errors file (                                  
 C:\Users\Nate\Documents\Ansys\Project2\_ProjectScratch\Scr1514\file0.er 
 rr ) for these warning messages.                                        

 *** SELECTION OF ELEMENT TECHNOLOGIES FOR APPLICABLE ELEMENTS ***
      --- GIVE SUGGESTIONS AND RESET THE KEY OPTIONS ---

 ELEMENT TYPE         1 IS SOLID187. IT IS NOT ASSOCIATED WITH FULLY INCOMPRESSIBLE
 HYPERELASTIC MATERIALS. NO SUGGESTION IS AVAILABLE AND NO RESETTING IS NEEDED.

 ELEMENT TYPE         2 IS SOLID187. IT IS NOT ASSOCIATED WITH FULLY INCOMPRESSIBLE
 HYPERELASTIC MATERIALS. NO SUGGESTION IS AVAILABLE AND NO RESETTING IS NEEDED.

 ELEMENT TYPE         3 IS SOLID187. IT IS NOT ASSOCIATED WITH FULLY INCOMPRESSIBLE
 HYPERELASTIC MATERIALS. NO SUGGESTION IS AVAILABLE AND NO RESETTING IS NEEDED.



 *** ANSYS - ENGINEERING ANALYSIS SYSTEM  RELEASE 2022 R1          22.1     ***
 DISTRIBUTED Ansys Mechanical Enterprise Academic Student      

 00000000  VERSION=WINDOWS x64   22:56:34  DEC 09, 2022 CP=      0.578

 Project2--Static Structural (B5)                                              



                       S O L U T I O N   O P T I O N S

   PROBLEM DIMENSIONALITY. . . . . . . . . . . . .3-D                  
   DEGREES OF FREEDOM. . . . . . UX   UY   UZ   ROTX ROTY ROTZ
   ANALYSIS TYPE . . . . . . . . . . . . . . . . .STATIC (STEADY-STATE)
   OFFSET TEMPERATURE FROM ABSOLUTE ZERO . . . . .  273.15    
   NONLINEAR GEOMETRIC EFFECTS . . . . . . . . . .ON
   EQUATION SOLVER OPTION. . . . . . . . . . . . .SPARSE             
   NEWTON-RAPHSON OPTION . . . . . . . . . . . . .PROGRAM CHOSEN   
   GLOBALLY ASSEMBLED MATRIX . . . . . . . . . . .SYMMETRIC  

 *** WARNING ***                         CP =       0.578   TIME= 22:56:34
 Material number 18 (used by element 10600) should normally have at      
 least one MP or one TB type command associated with it.  Output of      
 energy by material may not be available.                                

 *** NOTE ***                            CP =       0.641   TIME= 22:56:34
 The step data was checked and warning messages were found.              
  Please review output or errors file (                                  
 C:\Users\Nate\Documents\Ansys\Project2\_ProjectScratch\Scr1514\file0.er 
 rr ) for these warning messages.                                        

 *** NOTE ***                            CP =       0.641   TIME= 22:56:34
 This nonlinear analysis defaults to using the full Newton-Raphson       
 solution procedure.  This can be modified using the NROPT command.      

 *** NOTE ***                            CP =       0.672   TIME= 22:56:34
 Internal nodes from 13195 to 13203 are created.                         
 3 internal nodes are used for handling degrees of freedom on pilot      
 nodes of rigid target surfaces.                                         
 6 internal nodes are used for non-contact elements with mixed           
 formulation.                                                            

 *** NOTE ***                            CP =       0.734   TIME= 22:56:34
 Internal nodes from 13195 to 13203 are created.                         
 3 internal nodes are used for handling degrees of freedom on pilot      
 nodes of rigid target surfaces.                                         
 6 internal nodes are used for non-contact elements with mixed           
 formulation.                                                            

 *** NOTE ***                            CP =       1.172   TIME= 22:56:34
 Symmetric Deformable- deformable contact pair identified by real        
 constant set 4 and contact element type 4 has been set up.  The         
 companion pair has real constant set ID 5.  Both pairs should have the  
 same behavior.                                                          
 ANSYS will keep the current pair and deactivate its companion pair,     
 resulting in asymmetric contact.                                        
 Contact algorithm: Augmented Lagrange method
 Contact detection at: Gauss integration point
 Contact stiffness factor FKN                  1.0000    
 The resulting initial contact stiffness      0.25715E+15
 Default penetration tolerance factor FTOLN   0.10000    
 The resulting penetration tolerance          0.24337E-03
 Max. initial friction coefficient MU         0.22000    
 Default tangent stiffness factor FKT          1.0000    
 Default elastic slip factor SLTOL            0.10000E-01
 The resulting elastic slip tolerance         0.31138E-04
 Update contact stiffness at each iteration
 Default Max. friction stress TAUMAX          0.10000E+21
 Average contact surface length               0.31138E-02
 Average contact pair depth                   0.24337E-02
 Average target surface length                0.15631E-01
 Default pinball region factor PINB            2.0000    
 The resulting pinball region                 0.48675E-02
 *WARNING*: Initial penetration is included.

 *** NOTE ***                            CP =       1.172   TIME= 22:56:34
 Max.  Initial penetration 1.040834086E-17 was detected between contact  
 element 11972 and target element 12437.                                 
 ****************************************
  

 *** NOTE ***                            CP =       1.172   TIME= 22:56:34
 Symmetric Deformable- deformable contact pair identified by real        
 constant set 5 and contact element type 4 has been set up.  The         
 companion pair has real constant set ID 4.  Both pairs should have the  
 same behavior.                                                          
 ANSYS will deactivate the current pair and keep its companion pair,     
 resulting in asymmetric contact.                                        
 Contact algorithm: Augmented Lagrange method
 Contact detection at: Gauss integration point
 Contact stiffness factor FKN                  1.0000    
 The resulting initial contact stiffness      0.25715E+15
 Default penetration tolerance factor FTOLN   0.10000    
 The resulting penetration tolerance          0.85553E-03
 Max. initial friction coefficient MU         0.22000    
 Default tangent stiffness factor FKT          1.0000    
 Default elastic slip factor SLTOL            0.10000E-01
 The resulting elastic slip tolerance         0.15949E-03
 Update contact stiffness at each iteration
 Default Max. friction stress TAUMAX          0.10000E+21
 Average contact surface length               0.15949E-01
 Average contact pair depth                   0.85553E-02
 Average target surface length                0.30909E-02
 Default pinball region factor PINB            2.0000    
 The resulting pinball region                 0.17111E-01

 *** NOTE ***                            CP =       1.172   TIME= 22:56:34
 One of the contact searching regions contains at least 344 target       
 elements.  You may reduce the pinball radius.                           
 *WARNING*: Initial penetration is included.

 *** NOTE ***                            CP =       1.172   TIME= 22:56:34
 Max.  Initial penetration 3.469446952E-18 was detected between contact  
 element 12380 and target element 11470.                                 
 ****************************************
  

 *** NOTE ***                            CP =       1.172   TIME= 22:56:34
 Symmetric Deformable- deformable contact pair identified by real        
 constant set 6 and contact element type 6 has been set up.  The         
 companion pair has real constant set ID 7.  Both pairs should have the  
 same behavior.                                                          
 ANSYS will keep the current pair and deactivate its companion pair,     
 resulting in asymmetric contact.                                        
 Contact algorithm: Augmented Lagrange method
 Contact detection at: Gauss integration point
 Contact stiffness factor FKN                  1.0000    
 The resulting initial contact stiffness      0.26059E+15
 Default penetration tolerance factor FTOLN   0.10000    
 The resulting penetration tolerance          0.27918E-03
 Max. initial friction coefficient MU         0.22000    
 Default tangent stiffness factor FKT          1.0000    
 Default elastic slip factor SLTOL            0.10000E-01
 The resulting elastic slip tolerance         0.31505E-04
 Update contact stiffness at each iteration
 Default Max. friction stress TAUMAX          0.10000E+21
 Average contact surface length               0.31505E-02
 Average contact pair depth                   0.27918E-02
 Average target surface length                0.15631E-01
 Default pinball region factor PINB            2.0000    
 The resulting pinball region                 0.55835E-02
 *WARNING*: Initial penetration is included.

 *** NOTE ***                            CP =       1.172   TIME= 22:56:34
 Max.  Initial penetration 1.387778781E-17 was detected between contact  
 element 13371 and target element 14239.                                 
 ****************************************
  

 *** NOTE ***                            CP =       1.172   TIME= 22:56:34
 Symmetric Deformable- deformable contact pair identified by real        
 constant set 7 and contact element type 6 has been set up.  The         
 companion pair has real constant set ID 6.  Both pairs should have the  
 same behavior.                                                          
 ANSYS will deactivate the current pair and keep its companion pair,     
 resulting in asymmetric contact.                                        
 Contact algorithm: Augmented Lagrange method
 Contact detection at: Gauss integration point
 Contact stiffness factor FKN                  1.0000    
 The resulting initial contact stiffness      0.26059E+15
 Default penetration tolerance factor FTOLN   0.10000    
 The resulting penetration tolerance          0.84424E-03
 Max. initial friction coefficient MU         0.22000    
 Default tangent stiffness factor FKT          1.0000    
 Default elastic slip factor SLTOL            0.10000E-01
 The resulting elastic slip tolerance         0.15949E-03
 Update contact stiffness at each iteration
 Default Max. friction stress TAUMAX          0.10000E+21
 Average contact surface length               0.15949E-01
 Average contact pair depth                   0.84424E-02
 Average target surface length                0.31304E-02
 Default pinball region factor PINB            2.0000    
 The resulting pinball region                 0.16885E-01

 *** NOTE ***                            CP =       1.172   TIME= 22:56:34
 One of the contact searching regions contains at least 326 target       
 elements.  You may reduce the pinball radius.                           
 *WARNING*: Initial penetration is included.

 *** NOTE ***                            CP =       1.172   TIME= 22:56:34
 Max.  Initial penetration 1.387778781E-17 was detected between contact  
 element 14176 and target element 13167.                                 
 ****************************************
  

 *** NOTE ***                            CP =       1.172   TIME= 22:56:34
 Symmetric Deformable- deformable contact pair identified by real        
 constant set 8 and contact element type 8 has been set up.  The         
 companion pair has real constant set ID 9.  Both pairs should have the  
 same behavior.                                                          
 ANSYS will deactivate the current pair and keep its companion pair,     
 resulting in asymmetric contact.                                        
 Small sliding logic is assumed
 Contact algorithm: Augmented Lagrange method
 Contact detection at: Gauss integration point
 Contact stiffness factor FKN                  1.0000    
 The resulting initial contact stiffness      0.22956E+15
 Default penetration tolerance factor FTOLN   0.10000    
 The resulting penetration tolerance          0.95834E-03
 Default opening contact stiffness OPSF will be used.
 Default tangent stiffness factor FKT          1.0000    
 Default elastic slip factor SLTOL            0.50000E-02
 The resulting elastic slip tolerance         0.56357E-04
 Update contact stiffness at each iteration
 Default Max. friction stress TAUMAX          0.10000E+21
 Average contact surface length               0.11271E-01
 Average contact pair depth                   0.95834E-02
 Average target surface length                0.30909E-02
 Default pinball region factor PINB           0.25000    
 The resulting pinball region                 0.23959E-02
 Initial penetration/gap is excluded.
 Bonded contact (always) is defined.

 *** NOTE ***                            CP =       1.172   TIME= 22:56:34
 Max.  Initial penetration 3.469446952E-18 was detected between contact  
 element 14386 and target element 16173.                                 
 ****************************************
  

 *** NOTE ***                            CP =       1.172   TIME= 22:56:34
 Symmetric Deformable- deformable contact pair identified by real        
 constant set 9 and contact element type 8 has been set up.  The         
 companion pair has real constant set ID 8.  Both pairs should have the  
 same behavior.                                                          
 ANSYS will keep the current pair and deactivate its companion pair,     
 resulting in asymmetric contact.                                        
 Small sliding logic is assumed
 Contact algorithm: Augmented Lagrange method
 Contact detection at: Gauss integration point
 Contact stiffness factor FKN                  1.0000    
 The resulting initial contact stiffness      0.22956E+15
 Default penetration tolerance factor FTOLN   0.10000    
 The resulting penetration tolerance          0.24337E-03
 Default opening contact stiffness OPSF will be used.
 Default tangent stiffness factor FKT          1.0000    
 Default elastic slip factor SLTOL            0.50000E-02
 The resulting elastic slip tolerance         0.15569E-04
 Update contact stiffness at each iteration
 Default Max. friction stress TAUMAX          0.10000E+21
 Average contact surface length               0.31138E-02
 Average contact pair depth                   0.24337E-02
 Average target surface length                0.10969E-01
 Default pinball region factor PINB           0.25000    
 The resulting pinball region                 0.60844E-03
 Initial penetration/gap is excluded.
 Bonded contact (always) is defined.

 *** NOTE ***                            CP =       1.172   TIME= 22:56:34
 Max.  Initial penetration 1.040834086E-17 was detected between contact  
 element 14901 and target element 14317.                                 
 ****************************************
  

 *** NOTE ***                            CP =       1.172   TIME= 22:56:34
 Symmetric Deformable- deformable contact pair identified by real        
 constant set 10 and contact element type 10 has been set up.  The       
 companion pair has real constant set ID 11.  Both pairs should have     
 the same behavior.                                                      
 ANSYS will deactivate the current pair and keep its companion pair,     
 resulting in asymmetric contact.                                        
 Small sliding logic is assumed
 Contact algorithm: Augmented Lagrange method
 Contact detection at: Gauss integration point
 Contact stiffness factor FKN                  1.0000    
 The resulting initial contact stiffness      0.21918E+15
 Default penetration tolerance factor FTOLN   0.10000    
 The resulting penetration tolerance          0.10038E-02
 Default opening contact stiffness OPSF will be used.
 Default tangent stiffness factor FKT          1.0000    
 Default elastic slip factor SLTOL            0.50000E-02
 The resulting elastic slip tolerance         0.58321E-04
 Update contact stiffness at each iteration
 Default Max. friction stress TAUMAX          0.10000E+21
 Average contact surface length               0.11664E-01
 Average contact pair depth                   0.10038E-01
 Average target surface length                0.31304E-02
 Default pinball region factor PINB           0.25000    
 The resulting pinball region                 0.25094E-02
 Initial penetration/gap is excluded.
 Bonded contact (always) is defined.

 *** NOTE ***                            CP =       1.172   TIME= 22:56:34
 Max.  Initial penetration 1.387778781E-17 was detected between contact  
 element 16346 and target element 17950.                                 
 ****************************************
  

 *** NOTE ***                            CP =       1.172   TIME= 22:56:34
 Symmetric Deformable- deformable contact pair identified by real        
 constant set 11 and contact element type 10 has been set up.  The       
 companion pair has real constant set ID 10.  Both pairs should have     
 the same behavior.                                                      
 ANSYS will keep the current pair and deactivate its companion pair,     
 resulting in asymmetric contact.                                        
 Small sliding logic is assumed
 Contact algorithm: Augmented Lagrange method
 Contact detection at: Gauss integration point
 Contact stiffness factor FKN                  1.0000    
 The resulting initial contact stiffness      0.21918E+15
 Default penetration tolerance factor FTOLN   0.10000    
 The resulting penetration tolerance          0.27918E-03
 Default opening contact stiffness OPSF will be used.
 Default tangent stiffness factor FKT          1.0000    
 Default elastic slip factor SLTOL            0.50000E-02
 The resulting elastic slip tolerance         0.15752E-04
 Update contact stiffness at each iteration
 Default Max. friction stress TAUMAX          0.10000E+21
 Average contact surface length               0.31505E-02
 Average contact pair depth                   0.27918E-02
 Average target surface length                0.11398E-01
 Default pinball region factor PINB           0.25000    
 The resulting pinball region                 0.69794E-03
 Initial penetration/gap is excluded.
 Bonded contact (always) is defined.

 *** NOTE ***                            CP =       1.172   TIME= 22:56:34
 Max.  Initial penetration 1.387778781E-17 was detected between contact  
 element 16436 and target element 16283.                                 
 ****************************************
  

 *** NOTE ***                            CP =       1.172   TIME= 22:56:34
 Rigid-constraint surface identified by real constant set 12 and         
 contact element type 12 has been set up.  The degrees of freedom of     
 the rigid surface are driven by the pilot node 13194 which connects to  
 other element 10601.  Internal MPC will be built.                       
 The used degrees of freedom set is  UX   UY   UZ   ROTX ROTY ROTZ
 *WARNING*: Boundary conditions, coupling, and/or constraint equations   
 have been applied on certain contact nodes (for example 8008).          
 ****************************************
  

 *** NOTE ***                            CP =       1.172   TIME= 22:56:34
 Rigid-constraint surface identified by real constant set 14 and         
 contact element type 14 has been set up.  The degrees of freedom of     
 the rigid surface are driven by the pilot node 13192 which connects to  
 other element 10600.  Internal MPC will be built.                       
 The used degrees of freedom set is  UX   UY   UZ   ROTX ROTY ROTZ
 ****************************************
  

 *** NOTE ***                            CP =       1.172   TIME= 22:56:34
 Rigid-constraint surface identified by real constant set 16 and         
 contact element type 16 has been set up.  The degrees of freedom of     
 the rigid surface are driven by the pilot node 13193 which connects to  
 other element 10601.  Internal MPC will be built.                       
 The used degrees of freedom set is  UX   UY   UZ   ROTX ROTY ROTZ
 ****************************************
  

 *** WARNING ***                         CP =       1.172   TIME= 22:56:34
 Maximum friction coefficient 0.22 is defined in the model.  Switch to   
 the unsymmetric solver (NROP,UNSYM) instead if convergence difficulty   
 is encountered.                                                         

 *** WARNING ***                         CP =       1.172   TIME= 22:56:34
 Overconstraint may occur for Lagrange multiplier or MPC based contact   
 algorithm.                                                              
 The reasons for possible overconstraint are:                            

 *** WARNING ***                         CP =       1.172   TIME= 22:56:34
 Boundary conditions, coupling, and/or constraint equations have been    
 applied on certain contact nodes (for example 8008).                    
 ****************************************
  
  

 *** NOTE ***                            CP =       1.203   TIME= 22:56:34
 Internal nodes from 13195 to 13203 are created.                         
 3 internal nodes are used for handling degrees of freedom on pilot      
 nodes of rigid target surfaces.                                         
 6 internal nodes are used for non-contact elements with mixed           
 formulation.                                                            

  
  
     D I S T R I B U T E D   D O M A I N   D E C O M P O S E R
  
  ...Number of elements: 15119
  ...Number of nodes:    13203
  ...Decompose to 2 CPU domains
  ...Element load balance ratio =     1.009


                      L O A D   S T E P   O P T I O N S

   LOAD STEP NUMBER. . . . . . . . . . . . . . . .     1
   TIME AT END OF THE LOAD STEP. . . . . . . . . .  1.0000    
   AUTOMATIC TIME STEPPING . . . . . . . . . . . .    ON
      INITIAL NUMBER OF SUBSTEPS . . . . . . . . .     5
      MAXIMUM NUMBER OF SUBSTEPS . . . . . . . . .    20
      MINIMUM NUMBER OF SUBSTEPS . . . . . . . . .     1
   MAXIMUM NUMBER OF EQUILIBRIUM ITERATIONS. . . .    15
   STEP CHANGE BOUNDARY CONDITIONS . . . . . . . .    NO
   STRESS-STIFFENING . . . . . . . . . . . . . . .    ON
   TERMINATE ANALYSIS IF NOT CONVERGED . . . . . .YES (EXIT)  
   CONVERGENCE CONTROLS. . . . . . . . . . . . . .USE DEFAULTS
   PRINT OUTPUT CONTROLS . . . . . . . . . . . . .NO PRINTOUT
   DATABASE OUTPUT CONTROLS
      ITEM     FREQUENCY   COMPONENT
       ALL       NONE               
      NSOL        ALL               
      RSOL        ALL               
      EANG        ALL               
      ETMP        ALL               
      VENG        ALL               
      STRS        ALL               
      EPEL        ALL               
      EPPL        ALL               
      CONT        ALL               
      MISC        ALL       _ELMISC 


 SOLUTION MONITORING INFO IS WRITTEN TO FILE= file.mntr                                                                                                                                                                                                                                                           

 *** NOTE ***                            CP =       1.531   TIME= 22:56:35
 Symmetric Deformable- deformable contact pair identified by real        
 constant set 6 and contact element type 6 has been set up.  The         
 companion pair has real constant set ID 7.  Both pairs should have the  
 same behavior.                                                          
 ANSYS will keep the current pair and deactivate its companion pair,     
 resulting in asymmetric contact.                                        
 Contact algorithm: Augmented Lagrange method
 Contact detection at: Gauss integration point
 Contact stiffness factor FKN                  1.0000    
 The resulting initial contact stiffness      0.26059E+15
 Default penetration tolerance factor FTOLN   0.10000    
 The resulting penetration tolerance          0.27918E-03
 Max. initial friction coefficient MU         0.22000    
 Default tangent stiffness factor FKT          1.0000    
 Default elastic slip factor SLTOL            0.10000E-01
 The resulting elastic slip tolerance         0.31505E-04
 Update contact stiffness at each iteration
 Default Max. friction stress TAUMAX          0.10000E+21
 Average contact surface length               0.31505E-02
 Average contact pair depth                   0.27918E-02
 Average target surface length                0.15631E-01
 Default pinball region factor PINB            2.0000    
 The resulting pinball region                 0.55835E-02
 *WARNING*: Initial penetration is included.

 *** NOTE ***                            CP =       1.531   TIME= 22:56:35
 Max.  Initial penetration 1.387778781E-17 was detected between contact  
 element 13371 and target element 14239.                                 
 ****************************************
  

 *** NOTE ***                            CP =       1.531   TIME= 22:56:35
 Symmetric Deformable- deformable contact pair identified by real        
 constant set 7 and contact element type 6 has been set up.  The         
 companion pair has real constant set ID 6.  Both pairs should have the  
 same behavior.                                                          
 ANSYS will deactivate the current pair and keep its companion pair,     
 resulting in asymmetric contact.                                        
 Contact algorithm: Augmented Lagrange method
 Contact detection at: Gauss integration point
 Contact stiffness factor FKN                  1.0000    
 The resulting initial contact stiffness      0.26059E+15
 Default penetration tolerance factor FTOLN   0.10000    
 The resulting penetration tolerance          0.84424E-03
 Max. initial friction coefficient MU         0.22000    
 Default tangent stiffness factor FKT          1.0000    
 Default elastic slip factor SLTOL            0.10000E-01
 The resulting elastic slip tolerance         0.15949E-03
 Update contact stiffness at each iteration
 Default Max. friction stress TAUMAX          0.10000E+21
 Average contact surface length               0.15949E-01
 Average contact pair depth                   0.84424E-02
 Average target surface length                0.31304E-02
 Default pinball region factor PINB            2.0000    
 The resulting pinball region                 0.16885E-01

 *** NOTE ***                            CP =       1.531   TIME= 22:56:35
 One of the contact searching regions contains at least 326 target       
 elements.  You may reduce the pinball radius.                           
 *WARNING*: Initial penetration is included.

 *** NOTE ***                            CP =       1.531   TIME= 22:56:35
 Max.  Initial penetration 1.387778781E-17 was detected between contact  
 element 14176 and target element 13167.                                 
 ****************************************
  

 *** NOTE ***                            CP =       1.531   TIME= 22:56:35
 Symmetric Deformable- deformable contact pair identified by real        
 constant set 10 and contact element type 10 has been set up.  The       
 companion pair has real constant set ID 11.  Both pairs should have     
 the same behavior.                                                      
 ANSYS will deactivate the current pair and keep its companion pair,     
 resulting in asymmetric contact.                                        
 Small sliding logic is assumed
 Contact algorithm: Augmented Lagrange method
 Contact detection at: Gauss integration point
 Contact stiffness factor FKN                  1.0000    
 The resulting initial contact stiffness      0.21918E+15
 Default penetration tolerance factor FTOLN   0.10000    
 The resulting penetration tolerance          0.10038E-02
 Default opening contact stiffness OPSF will be used.
 Default tangent stiffness factor FKT          1.0000    
 Default elastic slip factor SLTOL            0.50000E-02
 The resulting elastic slip tolerance         0.58321E-04
 Update contact stiffness at each iteration
 Default Max. friction stress TAUMAX          0.10000E+21
 Average contact surface length               0.11664E-01
 Average contact pair depth                   0.10038E-01
 Average target surface length                0.31304E-02
 Default pinball region factor PINB           0.25000    
 The resulting pinball region                 0.25094E-02
 Initial penetration/gap is excluded.
 Bonded contact (always) is defined.

 *** NOTE ***                            CP =       1.531   TIME= 22:56:35
 Max.  Initial penetration 1.387778781E-17 was detected between contact  
 element 16346 and target element 17950.                                 
 ****************************************
  

 *** NOTE ***                            CP =       1.531   TIME= 22:56:35
 Symmetric Deformable- deformable contact pair identified by real        
 constant set 11 and contact element type 10 has been set up.  The       
 companion pair has real constant set ID 10.  Both pairs should have     
 the same behavior.                                                      
 ANSYS will keep the current pair and deactivate its companion pair,     
 resulting in asymmetric contact.                                        
 Small sliding logic is assumed
 Contact algorithm: Augmented Lagrange method
 Contact detection at: Gauss integration point
 Contact stiffness factor FKN                  1.0000    
 The resulting initial contact stiffness      0.21918E+15
 Default penetration tolerance factor FTOLN   0.10000    
 The resulting penetration tolerance          0.27918E-03
 Default opening contact stiffness OPSF will be used.
 Default tangent stiffness factor FKT          1.0000    
 Default elastic slip factor SLTOL            0.50000E-02
 The resulting elastic slip tolerance         0.15752E-04
 Update contact stiffness at each iteration
 Default Max. friction stress TAUMAX          0.10000E+21
 Average contact surface length               0.31505E-02
 Average contact pair depth                   0.27918E-02
 Average target surface length                0.11398E-01
 Default pinball region factor PINB           0.25000    
 The resulting pinball region                 0.69794E-03
 Initial penetration/gap is excluded.
 Bonded contact (always) is defined.

 *** NOTE ***                            CP =       1.531   TIME= 22:56:35
 Max.  Initial penetration 1.387778781E-17 was detected between contact  
 element 16436 and target element 16283.                                 
 ****************************************
  

 *** NOTE ***                            CP =       1.531   TIME= 22:56:35
 Rigid-constraint surface identified by real constant set 14 and         
 contact element type 14 has been set up.  The degrees of freedom of     
 the rigid surface are driven by the pilot node 13192 which connects to  
 other element 10600.  Internal MPC will be built.                       
 The used degrees of freedom set is  UX   UY   UZ   ROTX ROTY ROTZ
 ****************************************
  

 *** NOTE ***                            CP =       1.531   TIME= 22:56:35
 Rigid-constraint surface identified by real constant set 16 and         
 contact element type 16 has been set up.  The degrees of freedom of     
 the rigid surface are driven by the pilot node 13193 which connects to  
 other element 10601.  Internal MPC will be built.                       
 The used degrees of freedom set is  UX   UY   UZ   ROTX ROTY ROTZ
 ****************************************
  
 MAXIMUM NUMBER OF EQUILIBRIUM ITERATIONS HAS BEEN MODIFIED              
  TO BE, NEQIT = 26, BY SOLUTION CONTROL LOGIC.                          


 *** WARNING ***                         CP =       1.766   TIME= 22:56:35
 Multiple constraints have been applied on degree of freedom 3 of        
 contact node 6209.  The program will remove certain internal MPCs.      
 Please check the model carefully.                                       

 *** WARNING ***                         CP =       1.766   TIME= 22:56:35
 Or use relaxation option (target element KEYOPT(11) = 1) to overcome    
 the over-constraint.                                                    

 *** WARNING ***                         CP =       2.094   TIME= 22:56:35
 For element 10600 the element connectivity is 0 and 13192.  The node    
 which is identified as a 0 will be a grounded node.                     
  
 The FEA model contains 0 external CE equations and 9075 internal CE     
 equations.                                                              
  
 *************************************************
  SUMMARY FOR CONTACT PAIR IDENTIFIED BY REAL CONSTANT SET           6
 Max.  Penetration of -1.387778781E-17 has been detected between contact 
 element 13371 and target element 14239.                                 
 For total 859 contact elements, there are 852 elements are in contact.  
 There are 852 elements are in sticking.                                 
 Contacting area 2.921241454E-03.                                        
 Max.  Pinball distance 5.583526345E-03.                                 
 One of the contact searching regions contains at least 16 target        
 elements.                                                               
 Max.  Pressure/force 2.516396415E-03.                                   
 Max.  Normal stiffness 1.813254713E+14.                                 
 Min.  Normal stiffness 1.813254713E+14.                                 
 Max.  Tangential stiffness 2.651204876E+12.                             
 Min.  Tangential stiffness 2.651204876E+12.                             
 Contact pair force norm 1.585319574E-06 and criterion 1.585319598E-07.  
 *************************************************
  
 *************************************************
  SUMMARY FOR CONTACT PAIR IDENTIFIED BY REAL CONSTANT SET           7

 *** NOTE ***                            CP =       2.703   TIME= 22:56:36
 Contact pair is inactive.                                               
  
 *************************************************
  SUMMARY FOR CONTACT PAIR IDENTIFIED BY REAL CONSTANT SET          10

 *** NOTE ***                            CP =       2.703   TIME= 22:56:36
 Contact pair is inactive.                                               
  
 *************************************************
  SUMMARY FOR CONTACT PAIR IDENTIFIED BY REAL CONSTANT SET          11
 Max.  Penetration of -1.027033639E-30 has been detected between contact 
 element 17033 and target element 16257.                                 
  
 Max.  Geometrical gap of 1.387778781E-17 has been detected between      
 contact element 17216 and target element 16284.                         
  
 Max.  Geometrical penetration of -1.387778781E-17 has been detected     
 between contact element 17216 and target element 16284.                 
 For total 859 contact elements, there are 859 elements are in contact.  
 There are 859 elements are in sticking.                                 
 Contacting area 3.552094098E-03.                                        
 Max.  Pinball distance 6.979407931E-04.                                 
 One of the contact searching regions contains at least 15 target        
 elements.                                                               
 Max.  Pressure/force 4.267515246E-04.                                   
 Max.  Normal stiffness 1.525094733E+14.                                 
 Min.  Normal stiffness 1.525094733E+14.                                 
 Max.  Tangential stiffness 1.14382105E+13.                              
 Min.  Tangential stiffness 1.14382105E+13.                              
 Contact pair force norm 1.282787701E-06 and criterion 1.28278772E-07.   
 *************************************************


                         ***********  PRECISE MASS SUMMARY  ***********

   TOTAL RIGID BODY MASS MATRIX ABOUT ORIGIN
               Translational mass               |   Coupled translational/rotational mass
         5.7107        0.0000        0.0000     |     0.0000      -0.18444E-01  -0.12376    
         0.0000        5.7107        0.0000     |    0.18444E-01    0.0000       0.18444E-01
         0.0000        0.0000        5.7107     |    0.12376      -0.18444E-01    0.0000    
     ------------------------------------------ | ------------------------------------------
                                                |         Rotational mass (inertia)
                                                |    0.31153E-01  -0.56616E-03   0.12153E-02
                                                |   -0.56616E-03   0.52984E-01   0.56616E-03
                                                |    0.12153E-02   0.56616E-03   0.31153E-01

   TOTAL MASS =  5.7107    
     The mass principal axes coincide with the global Cartesian axes

   CENTER OF MASS (X,Y,Z)=   0.32298E-02   0.21671E-01  -0.32298E-02

   TOTAL INERTIA ABOUT CENTER OF MASS
        0.28412E-01  -0.16645E-03   0.11557E-02
       -0.16645E-03   0.52865E-01   0.16644E-03
        0.11557E-02   0.16644E-03   0.28412E-01

   PRINCIPAL INERTIAS =   0.27254E-01   0.52867E-01   0.29567E-01
   ORIENTATION VECTORS OF THE INERTIA PRINCIPAL AXES IN GLOBAL CARTESIAN
     ( 0.707, 0.009,-0.707) (-0.006, 1.000, 0.006) ( 0.707, 0.000, 0.707) 


  *** MASS SUMMARY BY ELEMENT TYPE ***

  TYPE      MASS
     1   5.45492    
     2  0.127875    
     3  0.127875    

 Range of element maximum matrix coefficients in global coordinates
 Maximum = 9.950278256E+09 at element 2995.                              
 Minimum = 26580288.7 at element 13876.                                  

   *** ELEMENT MATRIX FORMULATION TIMES
     TYPE    NUMBER   ENAME      TOTAL CP  AVE CP

        1      3074  SOLID187      0.312   0.000102
        2      1832  SOLID187      0.156   0.000085
        3      1675  SOLID187      0.266   0.000159
        4       923  CONTA174      0.109   0.000118
        5       923  TARGE170      0.000   0.000000
        6       895  CONTA174      0.109   0.000122
        7       895  TARGE170      0.016   0.000017
        8       977  CONTA174      0.078   0.000080
        9       977  TARGE170      0.016   0.000016
       10       949  CONTA174      0.078   0.000082
       11       949  TARGE170      0.000   0.000000
       12       887  CONTA174      0.016   0.000018
       13         1  TARGE170      0.000   0.000000
       14        26  CONTA174      0.000   0.000000
       15         1  TARGE170      0.000   0.000000
       16        62  CONTA174      0.000   0.000000
       17         1  TARGE170      0.000   0.000000
       18         1  MPC184        0.000   0.000000
       19         1  MPC184        0.000   0.000000
       20        35  SURF154       0.016   0.000446
       21        35  SURF154       0.000   0.000000
 Time at end of element matrix formulation CP = 2.703125.                

 ALL CURRENT ANSYS DATA WRITTEN TO FILE NAME= file.rdb
  FOR POSSIBLE RESUME FROM THIS POINT
     FORCE CONVERGENCE VALUE  =   1457.      CRITERION=   7.435    

 DISTRIBUTED SPARSE MATRIX DIRECT SOLVER.
  Number of equations =       28670,    Maximum wavefront =   2982

  Process memory allocated for solver              =    73.197 MB
  Process memory required for in-core solution     =    49.885 MB
  Process memory required for out-of-core solution =    31.905 MB

  Total memory allocated for solver                =   131.940 MB
  Total memory required for in-core solution       =    86.880 MB
  Total memory required for out-of-core solution   =    50.081 MB

 *** NOTE ***                            CP =       3.188   TIME= 22:56:36
 The Distributed Sparse Matrix Solver is currently running in the        
 in-core memory mode.  This memory mode uses the most amount of memory   
 in order to avoid using the hard drive as much as possible, which most  
 often results in the fastest solution time.  This mode is recommended   
 if enough physical memory is present to accommodate all of the solver   
 data.                                                                   

 *** WARNING ***                         CP =       3.188   TIME= 22:56:36
 Pivoting has been activated for the Distributed Sparse Matrix Solver .  
 The memory required may greatly exceed the predicted amount.  In that   
 event, use the DSPOPTION command to change the memory mode and/or       
 memory size used by the Distributed Sparse Matrix Solver.               
 curEqn=  15064  totEqn=  15064 Job CP sec=      3.328
      Factor Done= 100% Factor Wall sec=      0.082 rate=       8.5 GFlops
 Distributed sparse solver maximum pivot= 1.571363052E+10 at node 2131   
 UY.                                                                     
 Distributed sparse solver minimum pivot= 83682489.3 at node 64 UY.      
 Distributed sparse solver minimum pivot in absolute value= 83682489.3   
 at node 64 UY.                                                          
     DISP CONVERGENCE VALUE   =  0.4551E-06  CRITERION=  0.2322E-07
    EQUIL ITER   1 COMPLETED.  NEW TRIANG MATRIX.  MAX DOF INC=  0.1787E-05
     DISP CONVERGENCE VALUE   =  0.4551E-06  CRITERION=  0.3725E-07
     LINE SEARCH PARAMETER =   1.000     SCALED MAX DOF INC =  0.1787E-05
     FORCE CONVERGENCE VALUE  =   5925.      CRITERION=   9004.     <<< CONVERGED
    EQUIL ITER   2 COMPLETED.  NEW TRIANG MATRIX.  MAX DOF INC=  0.5148E-06
     DISP CONVERGENCE VALUE   =  0.1085E-06  CRITERION=  0.3801E-07
     LINE SEARCH PARAMETER =   1.000     SCALED MAX DOF INC =  0.5148E-06
     FORCE CONVERGENCE VALUE  =   1.425      CRITERION=   4128.     <<< CONVERGED
    EQUIL ITER   3 COMPLETED.  NEW TRIANG MATRIX.  MAX DOF INC=  0.1383E-07
     DISP CONVERGENCE VALUE   =  0.3172E-08  CRITERION=  0.3878E-07 <<< CONVERGED
     LINE SEARCH PARAMETER =   1.000     SCALED MAX DOF INC =  0.1383E-07
    >>> SOLUTION CONVERGED AFTER EQUILIBRIUM ITERATION   3

   *** ELEMENT RESULT CALCULATION TIMES
     TYPE    NUMBER   ENAME      TOTAL CP  AVE CP

        1      3074  SOLID187      0.328   0.000107
        2      1832  SOLID187      0.172   0.000094
        3      1675  SOLID187      0.156   0.000093
        4       923  CONTA174      0.062   0.000068
        6       895  CONTA174      0.016   0.000017
        8       977  CONTA174      0.047   0.000048
       10       949  CONTA174      0.062   0.000066
       12       887  CONTA174      0.000   0.000000
       14        26  CONTA174      0.000   0.000000
       16        62  CONTA174      0.000   0.000000
       18         1  MPC184        0.000   0.000000
       19         1  MPC184        0.000   0.000000
       20        35  SURF154       0.000   0.000000
       21        35  SURF154       0.000   0.000000

   *** NODAL LOAD CALCULATION TIMES
     TYPE    NUMBER   ENAME      TOTAL CP  AVE CP

        1      3074  SOLID187      0.062   0.000020
        2      1832  SOLID187      0.016   0.000009
        3      1675  SOLID187      0.031   0.000019
        4       923  CONTA174      0.047   0.000051
        6       895  CONTA174      0.000   0.000000
        8       977  CONTA174      0.000   0.000000
       10       949  CONTA174      0.016   0.000016
       12       887  CONTA174      0.000   0.000000
       14        26  CONTA174      0.000   0.000000
       16        62  CONTA174      0.000   0.000000
       18         1  MPC184        0.000   0.000000
       19         1  MPC184        0.000   0.000000
       20        35  SURF154       0.000   0.000000
       21        35  SURF154       0.000   0.000000
 *** LOAD STEP     1   SUBSTEP     1  COMPLETED.    CUM ITER =      3
 *** TIME =  0.200000         TIME INC =  0.200000    
 *** AUTO STEP TIME:  NEXT TIME INC = 0.20000      UNCHANGED

     FORCE CONVERGENCE VALUE  =   65.43      CRITERION=  0.1112E+05
     DISP CONVERGENCE VALUE   =  0.3290E-06  CRITERION=  0.4447E-07
    EQUIL ITER   1 COMPLETED.  NEW TRIANG MATRIX.  MAX DOF INC= -0.3290E-06
     DISP CONVERGENCE VALUE   =  0.3290E-06  CRITERION=  0.4538E-07
     LINE SEARCH PARAMETER =   1.000     SCALED MAX DOF INC = -0.3290E-06
     FORCE CONVERGENCE VALUE  =  0.8751      CRITERION=  0.1473E+05 <<< CONVERGED
    EQUIL ITER   2 COMPLETED.  NEW TRIANG MATRIX.  MAX DOF INC=  0.8441E-08
     DISP CONVERGENCE VALUE   =  0.1940E-08  CRITERION=  0.4635E-07 <<< CONVERGED
     LINE SEARCH PARAMETER =   1.000     SCALED MAX DOF INC =  0.8441E-08
     FORCE CONVERGENCE VALUE  =  0.2371E-01  CRITERION=  0.1164E+05 <<< CONVERGED
    >>> SOLUTION CONVERGED AFTER EQUILIBRIUM ITERATION   2
 *** LOAD STEP     1   SUBSTEP     2  COMPLETED.    CUM ITER =      5
 *** TIME =  0.400000         TIME INC =  0.200000    
 *** AUTO TIME STEP:  NEXT TIME INC = 0.30000      INCREASED (FACTOR = 1.5000)

     FORCE CONVERGENCE VALUE  =   122.7      CRITERION=  0.1859E+05
     DISP CONVERGENCE VALUE   =  0.6037E-06  CRITERION=  0.9561E-07
    EQUIL ITER   1 COMPLETED.  NEW TRIANG MATRIX.  MAX DOF INC= -0.6037E-06
     DISP CONVERGENCE VALUE   =  0.6037E-06  CRITERION=  0.9757E-07
     LINE SEARCH PARAMETER =   1.000     SCALED MAX DOF INC = -0.6037E-06
     FORCE CONVERGENCE VALUE  =  0.6601E-01  CRITERION=  0.9089E+06 <<< CONVERGED
    EQUIL ITER   2 COMPLETED.  NEW TRIANG MATRIX.  MAX DOF INC=  0.5683E-11
     DISP CONVERGENCE VALUE   =  0.5683E-11  CRITERION=  0.9956E-07 <<< CONVERGED
     LINE SEARCH PARAMETER =   1.000     SCALED MAX DOF INC =  0.5683E-11
     FORCE CONVERGENCE VALUE  =  0.9696E-06  CRITERION=  0.9261E+06 <<< CONVERGED
    >>> SOLUTION CONVERGED AFTER EQUILIBRIUM ITERATION   2
 *** LOAD STEP     1   SUBSTEP     3  COMPLETED.    CUM ITER =      7
 *** TIME =  0.700000         TIME INC =  0.300000    
 *** AUTO STEP TIME:  NEXT TIME INC = 0.30000      UNCHANGED

     FORCE CONVERGENCE VALUE  =   147.2      CRITERION=  0.1237E+07
     DISP CONVERGENCE VALUE   =  0.6442E-06  CRITERION=  0.1270E-06
    EQUIL ITER   1 COMPLETED.  NEW TRIANG MATRIX.  MAX DOF INC= -0.6442E-06
     DISP CONVERGENCE VALUE   =  0.6442E-06  CRITERION=  0.1296E-06
     LINE SEARCH PARAMETER =   1.000     SCALED MAX DOF INC = -0.6442E-06
     FORCE CONVERGENCE VALUE  =  0.1134      CRITERION=  0.2857E+07 <<< CONVERGED
    EQUIL ITER   2 COMPLETED.  NEW TRIANG MATRIX.  MAX DOF INC=  0.7931E-11
     DISP CONVERGENCE VALUE   =  0.7931E-11  CRITERION=  0.1322E-06 <<< CONVERGED
     LINE SEARCH PARAMETER =   1.000     SCALED MAX DOF INC =  0.7931E-11
     FORCE CONVERGENCE VALUE  =  0.2464E-05  CRITERION=  0.2914E+07 <<< CONVERGED
    >>> SOLUTION CONVERGED AFTER EQUILIBRIUM ITERATION   2
 *** LOAD STEP     1   SUBSTEP     4  COMPLETED.    CUM ITER =      9
 *** TIME =   1.00000         TIME INC =  0.300000    


 *** ANSYS BINARY FILE STATISTICS
  BUFFER SIZE USED= 16384
        1.625 MB WRITTEN ON ELEMENT MATRIX FILE: file0.emat
       27.875 MB WRITTEN ON ELEMENT SAVED DATA FILE: file0.esav
       11.312 MB WRITTEN ON ASSEMBLED MATRIX FILE: file0.full
       10.875 MB WRITTEN ON RESULTS FILE: file0.rst
 *************** Write FE CONNECTORS *********

 WRITE OUT CONSTRAINT EQUATIONS TO FILE= file.ce                                                                                                                                                                                                                                                             
 ****************************************************
 *************** FINISHED SOLVE FOR LS 1 *************

 *GET  _WALLASOL  FROM  ACTI  ITEM=TIME WALL  VALUE=  22.9491667    

 PRINTOUT RESUMED BY /GOP

 FINISH SOLUTION PROCESSING


 ***** ROUTINE COMPLETED *****  CP =        24.344



 *** ANSYS - ENGINEERING ANALYSIS SYSTEM  RELEASE 2022 R1          22.1     ***
 DISTRIBUTED Ansys Mechanical Enterprise Academic Student      

 00000000  VERSION=WINDOWS x64   22:56:58  DEC 09, 2022 CP=     24.344

 Project2--Static Structural (B5)                                              



          ***** ANSYS RESULTS INTERPRETATION (POST1) *****

 *** NOTE ***                            CP =      24.344   TIME= 22:56:58
 Reading results into the database (SET command) will update the current 
 displacement and force boundary conditions in the database with the     
 values from the results file for that load set.  Note that any          
 subsequent solutions will use these values unless action is taken to    
 either SAVE the current values or not overwrite them (/EXIT,NOSAVE).    

 Set Encoding of XML File to:ISO-8859-1

 Set Output of XML File to:
     PARM,     ,     ,     ,     ,     ,     ,     ,     ,     ,     ,     ,
         ,     ,     ,     ,     ,     ,     ,

 DATABASE WRITTEN ON FILE  parm.xml                                                                                                                                                                                                                                                            

 EXIT THE ANSYS POST1 DATABASE PROCESSOR


 ***** ROUTINE COMPLETED *****  CP =        24.344



 PRINTOUT RESUMED BY /GOP

 *GET  _WALLDONE  FROM  ACTI  ITEM=TIME WALL  VALUE=  22.9494444    

 PARAMETER _PREPTIME =     0.000000000    

 PARAMETER _SOLVTIME =     23.00000000    

 PARAMETER _POSTTIME =     1.000000000    

 PARAMETER _TOTALTIM =     24.00000000    

 *GET  _DLBRATIO  FROM  ACTI  ITEM=SOLU DLBR  VALUE=  1.00919462    

 *GET  _COMBTIME  FROM  ACTI  ITEM=SOLU COMB  VALUE= 0.175375100    

 *GET  _SSMODE   FROM  ACTI  ITEM=SOLU SSMM  VALUE=  2.00000000    

 *GET  _NDOFS    FROM  ACTI  ITEM=SOLU NDOF  VALUE=  28668.0000    
 --- Total number of nodes = 13194
 --- Total number of elements = 15119
 --- Element load balance ratio = 1.00919462
 --- Time to combine distributed files = 0.1753751
 --- Sparse memory mode = 2
 --- Number of DOF = 28668

 EXIT ANSYS WITHOUT SAVING DATABASE


 NUMBER OF WARNING MESSAGES ENCOUNTERED=          9
 NUMBER OF ERROR   MESSAGES ENCOUNTERED=          0

+--------- D I S T R I B U T E D   A N S Y S   S T A T I S T I C S ------------+

Release: 2022 R1            Build: 22.1       Update: UP20211129   Platform: WINDOWS x64 
Date Run: 12/09/2022   Time: 22:56     Process ID: 7368
Operating System: Windows 10  (Build: 19044)

Processor Model: AMD Ryzen 5 3400G with Radeon Vega Graphics

Compiler: Intel(R) Fortran Compiler Version 19.0.5  (Build: 20190815)
          Intel(R) C/C++ Compiler Version 19.0.5  (Build: 20190815)
          Intel(R) Math Kernel Library Version 2020.0.0 Product Build 20191125
          BLAS Library supplied by AMD BLIS

Number of machines requested            :    1
Total number of cores available         :    8
Number of physical cores available      :    4
Number of processes requested           :    2
Number of threads per process requested :    1
Total number of cores requested         :    2 (Distributed Memory Parallel)               
MPI Type: INTELMPI
MPI Version: Intel(R) MPI Library 2018 Update 3 for Windows* OS


GPU Acceleration: Not Requested

Job Name: file0
Input File: dummy.dat

  Core                Machine Name   Working Directory
 -----------------------------------------------------
     0             DESKTOP-LD1D5M7   C:\Users\Nate\Documents\Ansys\Project2\_ProjectScratch\Scr1514
     1             DESKTOP-LD1D5M7   C:\Users\Nate\Documents\Ansys\Project2\_ProjectScratch\Scr1514
 
Latency time from master to core     1 =    2.000 microseconds
 
Communication speed from master to core     1 =  4298.42 MB/sec

Total CPU time for main thread                    :       24.2 seconds
Total CPU time summed for all threads             :       24.4 seconds

Elapsed time spent obtaining a license            :        0.4 seconds
Elapsed time spent pre-processing model (/PREP7)  :        0.2 seconds
Elapsed time spent solution - preprocessing       :        0.7 seconds
Elapsed time spent computing solution             :       22.6 seconds
Elapsed time spent solution - postprocessing      :        0.2 seconds
Elapsed time spent post-processing model (/POST1) :        0.0 seconds
 
Equation solver used                              :            Sparse (symmetric)
Equation solver computational rate                :       15.5 Gflops

Sum of memory used on all processes               :      397.0 MB
Sum of memory allocated on all processes          :     3136.0 MB
Physical memory available                         :         14 GB

Total amount of I/O written to disk               :        1.1 GB
Total amount of I/O read from disk                :        8.4 GB

+------ E N D   D I S T R I B U T E D   A N S Y S   S T A T I S T I C S -------+


 *---------------------------------------------------------------------------*
 |                                                                           |
 |                       DISTRIBUTED ANSYS RUN COMPLETED                     |
 |                                                                           |
 |---------------------------------------------------------------------------|
 |                                                                           |
 | Ansys 2022 R1               Build 22.1         UP20211129     WINDOWS x64 |
 |                                                                           |
 |---------------------------------------------------------------------------|
 |                                                                           |
 | Database Requested(-db)  1024 MB    Scratch Memory Requested      1024 MB |
 | Maximum Database Used      24 MB    Maximum Scratch Memory Used    182 MB |
 |                                                                           |
 |---------------------------------------------------------------------------|
 |                                                                           |
 |        CP Time      (sec) =         24.406       Time  =  22:56:58        |
 |        Elapsed Time (sec) =         26.000       Date  =  12/09/2022      |
 |                                                                           |
 *---------------------------------------------------------------------------*
